# JRE version: Java(TM) SE Runtime Environment (8.0_301-b09) (build 1.8.0_301-b09)
# Java VM: Java HotSpot(TM) 64-Bit Server VM (25.301-b09 mixed mode windows-amd64 compressed oops)
Heap:
 PSYoungGen      total 320000K, used 110519K [0x00000000eab00000, 0x0000000100000000, 0x0000000100000000)
  eden space 290304K, 38% used [0x00000000eab00000,0x00000000f16edc98,0x00000000fc680000)
  from space 29696K, 0% used [0x00000000fe300000,0x00000000fe300000,0x0000000100000000)
  to   space 29184K, 0% used [0x00000000fc680000,0x00000000fc680000,0x00000000fe300000)
 ParOldGen       total 699392K, used 46638K [0x00000000c0000000, 0x00000000eab00000, 0x00000000eab00000)
  object space 699392K, 6% used [0x00000000c0000000,0x00000000c2d8bb78,0x00000000eab00000)
 Metaspace       used 88216K, capacity 103047K, committed 103296K, reserved 1138688K
  class space    used 12544K, capacity 13365K, committed 13440K, reserved 1048576K
GC Heap History (10 events):
Event: 4.620 GC heap before
{Heap before GC invocations=6 (full 3):
 PSYoungGen      total 305664K, used 29593K [0x00000000eab00000, 0x0000000100000000, 0x0000000100000000)
  eden space 262144K, 0% used [0x00000000eab00000,0x00000000eab00000,0x00000000fab00000)
  from space 43520K, 67% used [0x00000000fab00000,0x00000000fc7e64e8,0x00000000fd580000)
  to   space 43520K, 0% used [0x00000000fd580000,0x00000000fd580000,0x0000000100000000)
 ParOldGen       total 699392K, used 14991K [0x00000000c0000000, 0x00000000eab00000, 0x00000000eab00000)
  object space 699392K, 2% used [0x00000000c0000000,0x00000000c0ea3e80,0x00000000eab00000)
 Metaspace       used 53302K, capacity 59103K, committed 59160K, reserved 1101824K
  class space    used 7122K, capacity 7543K, committed 7552K, reserved 1048576K
Event: 4.775 GC heap after
Heap after GC invocations=6 (full 3):
 PSYoungGen      total 305664K, used 0K [0x00000000eab00000, 0x0000000100000000, 0x0000000100000000)
  eden space 262144K, 0% used [0x00000000eab00000,0x00000000eab00000,0x00000000fab00000)
  from space 43520K, 0% used [0x00000000fab00000,0x00000000fab00000,0x00000000fd580000)
  to   space 43520K, 0% used [0x00000000fd580000,0x00000000fd580000,0x0000000100000000)
 ParOldGen       total 699392K, used 34934K [0x00000000c0000000, 0x00000000eab00000, 0x00000000eab00000)
  object space 699392K, 4% used [0x00000000c0000000,0x00000000c221dad0,0x00000000eab00000)
 Metaspace       used 53302K, capacity 59103K, committed 59160K, reserved 1101824K
  class space    used 7122K, capacity 7543K, committed 7552K, reserved 1048576K
}
Event: 9.451 GC heap before
{Heap before GC invocations=7 (full 3):
 PSYoungGen      total 305664K, used 262144K [0x00000000eab00000, 0x0000000100000000, 0x0000000100000000)
  eden space 262144K, 100% used [0x00000000eab00000,0x00000000fab00000,0x00000000fab00000)
  from space 43520K, 0% used [0x00000000fab00000,0x00000000fab00000,0x00000000fd580000)
  to   space 43520K, 0% used [0x00000000fd580000,0x00000000fd580000,0x0000000100000000)
 ParOldGen       total 699392K, used 34934K [0x00000000c0000000, 0x00000000eab00000, 0x00000000eab00000)
  object space 699392K, 4% used [0x00000000c0000000,0x00000000c221dad0,0x00000000eab00000)
 Metaspace       used 71984K, capacity 82823K, committed 83072K, reserved 1122304K
  class space    used 10168K, capacity 10858K, committed 10880K, reserved 1048576K
Event: 9.474 GC heap after
Heap after GC invocations=7 (full 3):
 PSYoungGen      total 305664K, used 21084K [0x00000000eab00000, 0x0000000100000000, 0x0000000100000000)
  eden space 262144K, 0% used [0x00000000eab00000,0x00000000eab00000,0x00000000fab00000)
  from space 43520K, 48% used [0x00000000fd580000,0x00000000fea173a0,0x0000000100000000)
  to   space 43520K, 0% used [0x00000000fab00000,0x00000000fab00000,0x00000000fd580000)
 ParOldGen       total 699392K, used 34950K [0x00000000c0000000, 0x00000000eab00000, 0x00000000eab00000)
  object space 699392K, 4% used [0x00000000c0000000,0x00000000c2221ad0,0x00000000eab00000)
 Metaspace       used 71984K, capacity 82823K, committed 83072K, reserved 1122304K
  class space    used 10168K, capacity 10858K, committed 10880K, reserved 1048576K
}
Event: 12.523 GC heap before
{Heap before GC invocations=8 (full 3):
 PSYoungGen      total 305664K, used 283228K [0x00000000eab00000, 0x0000000100000000, 0x0000000100000000)
  eden space 262144K, 100% used [0x00000000eab00000,0x00000000fab00000,0x00000000fab00000)
  from space 43520K, 48% used [0x00000000fd580000,0x00000000fea173a0,0x0000000100000000)
  to   space 43520K, 0% used [0x00000000fab00000,0x00000000fab00000,0x00000000fd580000)
 ParOldGen       total 699392K, used 34950K [0x00000000c0000000, 0x00000000eab00000, 0x00000000eab00000)
  object space 699392K, 4% used [0x00000000c0000000,0x00000000c2221ad0,0x00000000eab00000)
 Metaspace       used 81020K, capacity 95067K, committed 95360K, reserved 1132544K
  class space    used 11564K, capacity 12353K, committed 12416K, reserved 1048576K
Event: 12.546 GC heap after
Heap after GC invocations=8 (full 3):
 PSYoungGen      total 305664K, used 22038K [0x00000000eab00000, 0x0000000100000000, 0x0000000100000000)
  eden space 262144K, 0% used [0x00000000eab00000,0x00000000eab00000,0x00000000fab00000)
  from space 43520K, 50% used [0x00000000fab00000,0x00000000fc085aa8,0x00000000fd580000)
  to   space 29696K, 0% used [0x00000000fe300000,0x00000000fe300000,0x0000000100000000)
 ParOldGen       total 699392K, used 34966K [0x00000000c0000000, 0x00000000eab00000, 0x00000000eab00000)
  object space 699392K, 4% used [0x00000000c0000000,0x00000000c2225ad0,0x00000000eab00000)
 Metaspace       used 81020K, capacity 95067K, committed 95360K, reserved 1132544K
  class space    used 11564K, capacity 12353K, committed 12416K, reserved 1048576K
}
Event: 13.047 GC heap before
{Heap before GC invocations=9 (full 3):
 PSYoungGen      total 305664K, used 66206K [0x00000000eab00000, 0x0000000100000000, 0x0000000100000000)
  eden space 262144K, 16% used [0x00000000eab00000,0x00000000ed622000,0x00000000fab00000)
  from space 43520K, 50% used [0x00000000fab00000,0x00000000fc085aa8,0x00000000fd580000)
  to   space 29696K, 0% used [0x00000000fe300000,0x00000000fe300000,0x0000000100000000)
 ParOldGen       total 699392K, used 34966K [0x00000000c0000000, 0x00000000eab00000, 0x00000000eab00000)
  object space 699392K, 4% used [0x00000000c0000000,0x00000000c2225ad0,0x00000000eab00000)
 Metaspace       used 84269K, capacity 98491K, committed 98560K, reserved 1134592K
  class space    used 11967K, capacity 12766K, committed 12800K, reserved 1048576K
Event: 13.067 GC heap after
Heap after GC invocations=9 (full 3):
 PSYoungGen      total 320000K, used 21002K [0x00000000eab00000, 0x0000000100000000, 0x0000000100000000)
  eden space 290304K, 0% used [0x00000000eab00000,0x00000000eab00000,0x00000000fc680000)
  from space 29696K, 70% used [0x00000000fe300000,0x00000000ff782bb0,0x0000000100000000)
  to   space 29184K, 0% used [0x00000000fc680000,0x00000000fc680000,0x00000000fe300000)
 ParOldGen       total 699392K, used 34974K [0x00000000c0000000, 0x00000000eab00000, 0x00000000eab00000)
  object space 699392K, 5% used [0x00000000c0000000,0x00000000c2227ad0,0x00000000eab00000)
 Metaspace       used 84269K, capacity 98491K, committed 98560K, reserved 1134592K
  class space    used 11967K, capacity 12766K, committed 12800K, reserved 1048576K
}
Event: 13.067 GC heap before
{Heap before GC invocations=10 (full 4):
 PSYoungGen      total 320000K, used 21002K [0x00000000eab00000, 0x0000000100000000, 0x0000000100000000)
  eden space 290304K, 0% used [0x00000000eab00000,0x00000000eab00000,0x00000000fc680000)
  from space 29696K, 70% used [0x00000000fe300000,0x00000000ff782bb0,0x0000000100000000)
  to   space 29184K, 0% used [0x00000000fc680000,0x00000000fc680000,0x00000000fe300000)
 ParOldGen       total 699392K, used 34974K [0x00000000c0000000, 0x00000000eab00000, 0x00000000eab00000)
  object space 699392K, 5% used [0x00000000c0000000,0x00000000c2227ad0,0x00000000eab00000)
 Metaspace       used 84269K, capacity 98491K, committed 98560K, reserved 1134592K
  class space    used 11967K, capacity 12766K, committed 12800K, reserved 1048576K
Event: 13.234 GC heap after
Heap after GC invocations=10 (full 4):
 PSYoungGen      total 320000K, used 0K [0x00000000eab00000, 0x0000000100000000, 0x0000000100000000)
  eden space 290304K, 0% used [0x00000000eab00000,0x00000000eab00000,0x00000000fc680000)
  from space 29696K, 0% used [0x00000000fe300000,0x00000000fe300000,0x0000000100000000)
  to   space 29184K, 0% used [0x00000000fc680000,0x00000000fc680000,0x00000000fe300000)
 ParOldGen       total 699392K, used 46638K [0x00000000c0000000, 0x00000000eab00000, 0x00000000eab00000)
  object space 699392K, 6% used [0x00000000c0000000,0x00000000c2d8bb78,0x00000000eab00000)
 Metaspace       used 83718K, capacity 97369K, committed 98560K, reserved 1134592K
  class space    used 11794K, capacity 12569K, committed 12800K, reserved 1048576K
}

